[0.968s] DEBUG:colcon:Command line arguments: ['/usr/bin/colcon', 'build', '--packages-select', 'my_robot_control']
[0.968s] DEBUG:colcon:Parsed command line arguments: Namespace(log_base=None, log_level=None, verb_name='build', build_base='build', install_base='install', merge_install=False, symlink_install=False, test_result_base=None, continue_on_error=False, executor='parallel', parallel_workers=8, event_handlers=None, ignore_user_meta=False, metas=['./colcon.meta'], base_paths=['.'], packages_ignore=None, packages_ignore_regex=None, paths=None, packages_up_to=None, packages_up_to_regex=None, packages_above=None, packages_above_and_dependencies=None, packages_above_depth=None, packages_select_by_dep=None, packages_skip_by_dep=None, packages_skip_up_to=None, packages_select_build_failed=False, packages_skip_build_finished=False, packages_select_test_failures=False, packages_skip_test_passed=False, packages_select=['my_robot_control'], packages_skip=None, packages_select_regex=None, packages_skip_regex=None, packages_start=None, packages_end=None, allow_overriding=[], cmake_args=None, cmake_target=None, cmake_target_skip_unavailable=False, cmake_clean_cache=False, cmake_clean_first=False, cmake_force_configure=False, ament_cmake_args=None, catkin_cmake_args=None, catkin_skip_building_tests=False, verb_parser=<colcon_defaults.argument_parser.defaults.DefaultArgumentsDecorator object at 0x7f81929b3160>, verb_extension=<colcon_core.verb.build.BuildVerb object at 0x7f819384b190>, main=<bound method BuildVerb.main of <colcon_core.verb.build.BuildVerb object at 0x7f819384b190>>)
[1.012s] Level 1:colcon.colcon_core.package_discovery:discover_packages(colcon_meta) check parameters
[1.012s] Level 1:colcon.colcon_core.package_discovery:discover_packages(recursive) check parameters
[1.012s] Level 1:colcon.colcon_core.package_discovery:discover_packages(ignore) check parameters
[1.012s] Level 1:colcon.colcon_core.package_discovery:discover_packages(path) check parameters
[1.012s] Level 1:colcon.colcon_core.package_discovery:discover_packages(colcon_meta) discover
[1.012s] Level 1:colcon.colcon_core.package_discovery:discover_packages(recursive) discover
[1.012s] INFO:colcon.colcon_core.package_discovery:Crawling recursively for packages in '/home/hallzero/Code/ponderadas-m8/workspace_p1'
[1.013s] Level 1:colcon.colcon_core.package_identification:_identify(.) by extensions ['ignore', 'ignore_ament_install']
[1.013s] Level 1:colcon.colcon_core.package_identification:_identify(.) by extension 'ignore'
[1.013s] Level 1:colcon.colcon_core.package_identification:_identify(.) by extension 'ignore_ament_install'
[1.013s] Level 1:colcon.colcon_core.package_identification:_identify(.) by extensions ['colcon_pkg']
[1.013s] Level 1:colcon.colcon_core.package_identification:_identify(.) by extension 'colcon_pkg'
[1.013s] Level 1:colcon.colcon_core.package_identification:_identify(.) by extensions ['colcon_meta']
[1.013s] Level 1:colcon.colcon_core.package_identification:_identify(.) by extension 'colcon_meta'
[1.013s] Level 1:colcon.colcon_core.package_identification:_identify(.) by extensions ['ros']
[1.013s] Level 1:colcon.colcon_core.package_identification:_identify(.) by extension 'ros'
[1.022s] Level 1:colcon.colcon_core.package_identification:_identify(.) by extensions ['cmake', 'python']
[1.023s] Level 1:colcon.colcon_core.package_identification:_identify(.) by extension 'cmake'
[1.023s] Level 1:colcon.colcon_core.package_identification:_identify(.) by extension 'python'
[1.023s] Level 1:colcon.colcon_core.package_identification:_identify(.) by extensions ['python_setup_py']
[1.023s] Level 1:colcon.colcon_core.package_identification:_identify(.) by extension 'python_setup_py'
[1.023s] Level 1:colcon.colcon_core.package_identification:_identify(build) by extensions ['ignore', 'ignore_ament_install']
[1.023s] Level 1:colcon.colcon_core.package_identification:_identify(build) by extension 'ignore'
[1.023s] Level 1:colcon.colcon_core.package_identification:_identify(build) ignored
[1.023s] Level 1:colcon.colcon_core.package_identification:_identify(install) by extensions ['ignore', 'ignore_ament_install']
[1.023s] Level 1:colcon.colcon_core.package_identification:_identify(install) by extension 'ignore'
[1.023s] Level 1:colcon.colcon_core.package_identification:_identify(install) ignored
[1.023s] Level 1:colcon.colcon_core.package_identification:_identify(log) by extensions ['ignore', 'ignore_ament_install']
[1.023s] Level 1:colcon.colcon_core.package_identification:_identify(log) by extension 'ignore'
[1.023s] Level 1:colcon.colcon_core.package_identification:_identify(log) ignored
[1.023s] Level 1:colcon.colcon_core.package_identification:_identify(src) by extensions ['ignore', 'ignore_ament_install']
[1.023s] Level 1:colcon.colcon_core.package_identification:_identify(src) by extension 'ignore'
[1.024s] Level 1:colcon.colcon_core.package_identification:_identify(src) by extension 'ignore_ament_install'
[1.024s] Level 1:colcon.colcon_core.package_identification:_identify(src) by extensions ['colcon_pkg']
[1.024s] Level 1:colcon.colcon_core.package_identification:_identify(src) by extension 'colcon_pkg'
[1.024s] Level 1:colcon.colcon_core.package_identification:_identify(src) by extensions ['colcon_meta']
[1.024s] Level 1:colcon.colcon_core.package_identification:_identify(src) by extension 'colcon_meta'
[1.024s] Level 1:colcon.colcon_core.package_identification:_identify(src) by extensions ['ros']
[1.024s] Level 1:colcon.colcon_core.package_identification:_identify(src) by extension 'ros'
[1.024s] Level 1:colcon.colcon_core.package_identification:_identify(src) by extensions ['cmake', 'python']
[1.024s] Level 1:colcon.colcon_core.package_identification:_identify(src) by extension 'cmake'
[1.024s] Level 1:colcon.colcon_core.package_identification:_identify(src) by extension 'python'
[1.024s] Level 1:colcon.colcon_core.package_identification:_identify(src) by extensions ['python_setup_py']
[1.024s] Level 1:colcon.colcon_core.package_identification:_identify(src) by extension 'python_setup_py'
[1.024s] Level 1:colcon.colcon_core.package_identification:_identify(src/my_robot_control) by extensions ['ignore', 'ignore_ament_install']
[1.024s] Level 1:colcon.colcon_core.package_identification:_identify(src/my_robot_control) by extension 'ignore'
[1.024s] Level 1:colcon.colcon_core.package_identification:_identify(src/my_robot_control) by extension 'ignore_ament_install'
[1.024s] Level 1:colcon.colcon_core.package_identification:_identify(src/my_robot_control) by extensions ['colcon_pkg']
[1.024s] Level 1:colcon.colcon_core.package_identification:_identify(src/my_robot_control) by extension 'colcon_pkg'
[1.024s] Level 1:colcon.colcon_core.package_identification:_identify(src/my_robot_control) by extensions ['colcon_meta']
[1.024s] Level 1:colcon.colcon_core.package_identification:_identify(src/my_robot_control) by extension 'colcon_meta'
[1.024s] Level 1:colcon.colcon_core.package_identification:_identify(src/my_robot_control) by extensions ['ros']
[1.024s] Level 1:colcon.colcon_core.package_identification:_identify(src/my_robot_control) by extension 'ros'
[1.026s] DEBUG:colcon.colcon_core.package_identification:Package 'src/my_robot_control' with type 'ros.ament_cmake' and name 'my_robot_control'
[1.027s] Level 1:colcon.colcon_core.package_discovery:discover_packages(recursive) using defaults
[1.027s] Level 1:colcon.colcon_core.package_discovery:discover_packages(ignore) discover
[1.027s] Level 1:colcon.colcon_core.package_discovery:discover_packages(ignore) using defaults
[1.027s] Level 1:colcon.colcon_core.package_discovery:discover_packages(path) discover
[1.027s] Level 1:colcon.colcon_core.package_discovery:discover_packages(path) using defaults
[1.113s] Level 1:colcon.colcon_core.package_discovery:discover_packages(prefix_path) check parameters
[1.113s] Level 1:colcon.colcon_core.package_discovery:discover_packages(prefix_path) discover
[1.143s] DEBUG:colcon.colcon_installed_package_information.package_discovery:Found 1 installed packages in /home/hallzero/Code/ponderadas-m8/workspace_p1/install
[1.157s] DEBUG:colcon.colcon_installed_package_information.package_discovery:Found 3 installed packages in /home/hallzero/turtlebot3_ws/install
[1.173s] DEBUG:colcon.colcon_installed_package_information.package_discovery:Found 398 installed packages in /opt/ros/humble
[1.175s] Level 1:colcon.colcon_core.package_discovery:discover_packages(prefix_path) using defaults
[1.286s] Level 5:colcon.colcon_core.verb:set package 'my_robot_control' build argument 'cmake_args' from command line to 'None'
[1.286s] Level 5:colcon.colcon_core.verb:set package 'my_robot_control' build argument 'cmake_target' from command line to 'None'
[1.286s] Level 5:colcon.colcon_core.verb:set package 'my_robot_control' build argument 'cmake_target_skip_unavailable' from command line to 'False'
[1.286s] Level 5:colcon.colcon_core.verb:set package 'my_robot_control' build argument 'cmake_clean_cache' from command line to 'False'
[1.286s] Level 5:colcon.colcon_core.verb:set package 'my_robot_control' build argument 'cmake_clean_first' from command line to 'False'
[1.286s] Level 5:colcon.colcon_core.verb:set package 'my_robot_control' build argument 'cmake_force_configure' from command line to 'False'
[1.286s] Level 5:colcon.colcon_core.verb:set package 'my_robot_control' build argument 'ament_cmake_args' from command line to 'None'
[1.286s] Level 5:colcon.colcon_core.verb:set package 'my_robot_control' build argument 'catkin_cmake_args' from command line to 'None'
[1.286s] Level 5:colcon.colcon_core.verb:set package 'my_robot_control' build argument 'catkin_skip_building_tests' from command line to 'False'
[1.286s] DEBUG:colcon.colcon_core.verb:Building package 'my_robot_control' with the following arguments: {'ament_cmake_args': None, 'build_base': '/home/hallzero/Code/ponderadas-m8/workspace_p1/build/my_robot_control', 'catkin_cmake_args': None, 'catkin_skip_building_tests': False, 'cmake_args': None, 'cmake_clean_cache': False, 'cmake_clean_first': False, 'cmake_force_configure': False, 'cmake_target': None, 'cmake_target_skip_unavailable': False, 'install_base': '/home/hallzero/Code/ponderadas-m8/workspace_p1/install/my_robot_control', 'merge_install': False, 'path': '/home/hallzero/Code/ponderadas-m8/workspace_p1/src/my_robot_control', 'symlink_install': False, 'test_result_base': None}
[1.306s] INFO:colcon.colcon_core.executor:Executing jobs using 'parallel' executor
[1.327s] DEBUG:colcon.colcon_parallel_executor.executor.parallel:run_until_complete
[1.327s] INFO:colcon.colcon_ros.task.ament_cmake.build:Building ROS package in '/home/hallzero/Code/ponderadas-m8/workspace_p1/src/my_robot_control' with build type 'ament_cmake'
[1.327s] INFO:colcon.colcon_cmake.task.cmake.build:Building CMake package in '/home/hallzero/Code/ponderadas-m8/workspace_p1/src/my_robot_control'
[1.345s] INFO:colcon.colcon_core.plugin_system:Skipping extension 'colcon_core.shell.bat': Not used on non-Windows systems
[1.345s] INFO:colcon.colcon_core.shell:Skip shell extension 'powershell' for command environment: Not usable outside of PowerShell
[1.345s] DEBUG:colcon.colcon_core.shell:Skip shell extension 'dsv' for command environment
[1.415s] DEBUG:colcon.colcon_core.event_handler.log_command:Invoking command in '/home/hallzero/Code/ponderadas-m8/workspace_p1/build/my_robot_control': CMAKE_PREFIX_PATH=${CMAKE_PREFIX_PATH}:/opt/ros/humble /usr/bin/cmake --build /home/hallzero/Code/ponderadas-m8/workspace_p1/build/my_robot_control -- -j8 -l8
[9.852s] DEBUG:colcon.colcon_core.event_handler.log_command:Invoked command in '/home/hallzero/Code/ponderadas-m8/workspace_p1/build/my_robot_control' returned '0': CMAKE_PREFIX_PATH=${CMAKE_PREFIX_PATH}:/opt/ros/humble /usr/bin/cmake --build /home/hallzero/Code/ponderadas-m8/workspace_p1/build/my_robot_control -- -j8 -l8
[9.893s] DEBUG:colcon.colcon_core.event_handler.log_command:Invoking command in '/home/hallzero/Code/ponderadas-m8/workspace_p1/build/my_robot_control': CMAKE_PREFIX_PATH=${CMAKE_PREFIX_PATH}:/opt/ros/humble /usr/bin/cmake --install /home/hallzero/Code/ponderadas-m8/workspace_p1/build/my_robot_control
[9.908s] Level 1:colcon.colcon_core.environment:create_environment_scripts_only(my_robot_control)
[9.908s] DEBUG:colcon.colcon_core.event_handler.log_command:Invoked command in '/home/hallzero/Code/ponderadas-m8/workspace_p1/build/my_robot_control' returned '0': CMAKE_PREFIX_PATH=${CMAKE_PREFIX_PATH}:/opt/ros/humble /usr/bin/cmake --install /home/hallzero/Code/ponderadas-m8/workspace_p1/build/my_robot_control
[9.927s] Level 1:colcon.colcon_core.environment:checking '/home/hallzero/Code/ponderadas-m8/workspace_p1/install/my_robot_control' for CMake module files
[9.927s] Level 1:colcon.colcon_core.environment:checking '/home/hallzero/Code/ponderadas-m8/workspace_p1/install/my_robot_control' for CMake config files
[9.927s] Level 1:colcon.colcon_core.shell:create_environment_hook('my_robot_control', 'cmake_prefix_path')
[9.942s] INFO:colcon.colcon_core.shell:Creating environment hook '/home/hallzero/Code/ponderadas-m8/workspace_p1/install/my_robot_control/share/my_robot_control/hook/cmake_prefix_path.ps1'
[9.943s] INFO:colcon.colcon_core.shell:Creating environment descriptor '/home/hallzero/Code/ponderadas-m8/workspace_p1/install/my_robot_control/share/my_robot_control/hook/cmake_prefix_path.dsv'
[9.943s] INFO:colcon.colcon_core.shell:Creating environment hook '/home/hallzero/Code/ponderadas-m8/workspace_p1/install/my_robot_control/share/my_robot_control/hook/cmake_prefix_path.sh'
[9.944s] Level 1:colcon.colcon_core.environment:checking '/home/hallzero/Code/ponderadas-m8/workspace_p1/install/my_robot_control/lib'
[9.944s] Level 1:colcon.colcon_core.environment:checking '/home/hallzero/Code/ponderadas-m8/workspace_p1/install/my_robot_control/bin'
[9.944s] Level 1:colcon.colcon_core.environment:checking '/home/hallzero/Code/ponderadas-m8/workspace_p1/install/my_robot_control/lib/pkgconfig/my_robot_control.pc'
[9.944s] Level 1:colcon.colcon_core.environment:checking '/home/hallzero/Code/ponderadas-m8/workspace_p1/install/my_robot_control/lib/python3.10/site-packages'
[9.945s] Level 1:colcon.colcon_core.environment:checking '/home/hallzero/Code/ponderadas-m8/workspace_p1/install/my_robot_control/bin'
[9.960s] INFO:colcon.colcon_core.shell:Creating package script '/home/hallzero/Code/ponderadas-m8/workspace_p1/install/my_robot_control/share/my_robot_control/package.ps1'
[9.961s] INFO:colcon.colcon_core.shell:Creating package descriptor '/home/hallzero/Code/ponderadas-m8/workspace_p1/install/my_robot_control/share/my_robot_control/package.dsv'
[9.962s] INFO:colcon.colcon_core.shell:Creating package script '/home/hallzero/Code/ponderadas-m8/workspace_p1/install/my_robot_control/share/my_robot_control/package.sh'
[9.962s] INFO:colcon.colcon_core.shell:Creating package script '/home/hallzero/Code/ponderadas-m8/workspace_p1/install/my_robot_control/share/my_robot_control/package.bash'
[9.963s] INFO:colcon.colcon_core.shell:Creating package script '/home/hallzero/Code/ponderadas-m8/workspace_p1/install/my_robot_control/share/my_robot_control/package.zsh'
[9.964s] Level 1:colcon.colcon_core.environment:create_file_with_runtime_dependencies(/home/hallzero/Code/ponderadas-m8/workspace_p1/install/my_robot_control/share/colcon-core/packages/my_robot_control)
[10.007s] Level 1:colcon.colcon_core.environment:create_environment_scripts_only(my_robot_control)
[10.022s] Level 1:colcon.colcon_core.environment:checking '/home/hallzero/Code/ponderadas-m8/workspace_p1/install/my_robot_control' for CMake module files
[10.022s] Level 1:colcon.colcon_core.environment:checking '/home/hallzero/Code/ponderadas-m8/workspace_p1/install/my_robot_control' for CMake config files
[10.022s] Level 1:colcon.colcon_core.shell:create_environment_hook('my_robot_control', 'cmake_prefix_path')
[10.038s] INFO:colcon.colcon_core.shell:Creating environment hook '/home/hallzero/Code/ponderadas-m8/workspace_p1/install/my_robot_control/share/my_robot_control/hook/cmake_prefix_path.ps1'
[10.038s] INFO:colcon.colcon_core.shell:Creating environment descriptor '/home/hallzero/Code/ponderadas-m8/workspace_p1/install/my_robot_control/share/my_robot_control/hook/cmake_prefix_path.dsv'
[10.038s] INFO:colcon.colcon_core.shell:Creating environment hook '/home/hallzero/Code/ponderadas-m8/workspace_p1/install/my_robot_control/share/my_robot_control/hook/cmake_prefix_path.sh'
[10.039s] Level 1:colcon.colcon_core.environment:checking '/home/hallzero/Code/ponderadas-m8/workspace_p1/install/my_robot_control/lib'
[10.039s] Level 1:colcon.colcon_core.environment:checking '/home/hallzero/Code/ponderadas-m8/workspace_p1/install/my_robot_control/bin'
[10.039s] Level 1:colcon.colcon_core.environment:checking '/home/hallzero/Code/ponderadas-m8/workspace_p1/install/my_robot_control/lib/pkgconfig/my_robot_control.pc'
[10.039s] Level 1:colcon.colcon_core.environment:checking '/home/hallzero/Code/ponderadas-m8/workspace_p1/install/my_robot_control/lib/python3.10/site-packages'
[10.039s] Level 1:colcon.colcon_core.environment:checking '/home/hallzero/Code/ponderadas-m8/workspace_p1/install/my_robot_control/bin'
[10.054s] INFO:colcon.colcon_core.shell:Creating package script '/home/hallzero/Code/ponderadas-m8/workspace_p1/install/my_robot_control/share/my_robot_control/package.ps1'
[10.055s] INFO:colcon.colcon_core.shell:Creating package descriptor '/home/hallzero/Code/ponderadas-m8/workspace_p1/install/my_robot_control/share/my_robot_control/package.dsv'
[10.055s] INFO:colcon.colcon_core.shell:Creating package script '/home/hallzero/Code/ponderadas-m8/workspace_p1/install/my_robot_control/share/my_robot_control/package.sh'
[10.056s] INFO:colcon.colcon_core.shell:Creating package script '/home/hallzero/Code/ponderadas-m8/workspace_p1/install/my_robot_control/share/my_robot_control/package.bash'
[10.056s] INFO:colcon.colcon_core.shell:Creating package script '/home/hallzero/Code/ponderadas-m8/workspace_p1/install/my_robot_control/share/my_robot_control/package.zsh'
[10.057s] Level 1:colcon.colcon_core.environment:create_file_with_runtime_dependencies(/home/hallzero/Code/ponderadas-m8/workspace_p1/install/my_robot_control/share/colcon-core/packages/my_robot_control)
[10.057s] DEBUG:colcon.colcon_parallel_executor.executor.parallel:closing loop
[10.058s] DEBUG:colcon.colcon_parallel_executor.executor.parallel:loop closed
[10.058s] DEBUG:colcon.colcon_parallel_executor.executor.parallel:run_until_complete finished with '0'
[10.058s] DEBUG:colcon.colcon_core.event_reactor:joining thread
[10.082s] INFO:colcon.colcon_core.plugin_system:Skipping extension 'colcon_notification.desktop_notification.terminal_notifier': Not used on non-Darwin systems
[10.082s] INFO:colcon.colcon_core.plugin_system:Skipping extension 'colcon_notification.desktop_notification.win32': Not used on non-Windows systems
[10.082s] INFO:colcon.colcon_notification.desktop_notification:Sending desktop notification using 'notify2'
[10.095s] DEBUG:colcon.colcon_core.event_reactor:joined thread
[10.111s] INFO:colcon.colcon_core.shell:Creating prefix script '/home/hallzero/Code/ponderadas-m8/workspace_p1/install/local_setup.ps1'
[10.112s] INFO:colcon.colcon_core.shell:Creating prefix util module '/home/hallzero/Code/ponderadas-m8/workspace_p1/install/_local_setup_util_ps1.py'
[10.113s] INFO:colcon.colcon_core.shell:Creating prefix chain script '/home/hallzero/Code/ponderadas-m8/workspace_p1/install/setup.ps1'
[10.130s] INFO:colcon.colcon_core.shell:Creating prefix script '/home/hallzero/Code/ponderadas-m8/workspace_p1/install/local_setup.sh'
[10.131s] INFO:colcon.colcon_core.shell:Creating prefix util module '/home/hallzero/Code/ponderadas-m8/workspace_p1/install/_local_setup_util_sh.py'
[10.131s] INFO:colcon.colcon_core.shell:Creating prefix chain script '/home/hallzero/Code/ponderadas-m8/workspace_p1/install/setup.sh'
[10.147s] INFO:colcon.colcon_core.shell:Creating prefix script '/home/hallzero/Code/ponderadas-m8/workspace_p1/install/local_setup.bash'
[10.148s] INFO:colcon.colcon_core.shell:Creating prefix chain script '/home/hallzero/Code/ponderadas-m8/workspace_p1/install/setup.bash'
[10.166s] INFO:colcon.colcon_core.shell:Creating prefix script '/home/hallzero/Code/ponderadas-m8/workspace_p1/install/local_setup.zsh'
[10.166s] INFO:colcon.colcon_core.shell:Creating prefix chain script '/home/hallzero/Code/ponderadas-m8/workspace_p1/install/setup.zsh'
