-- Found ament_cmake: 1.3.5 (/opt/ros/humble/share/ament_cmake/cmake)
-- Found rclcpp: 16.0.6 (/opt/ros/humble/share/rclcpp/cmake)
-- Found rosidl_generator_c: 3.1.5 (/opt/ros/humble/share/rosidl_generator_c/cmake)
-- Found rosidl_adapter: 3.1.5 (/opt/ros/humble/share/rosidl_adapter/cmake)
-- Found rosidl_generator_cpp: 3.1.5 (/opt/ros/humble/share/rosidl_generator_cpp/cmake)
-- Using all available rosidl_typesupport_c: rosidl_typesupport_fastrtps_c;rosidl_typesupport_introspection_c
-- Using all available rosidl_typesupport_cpp: rosidl_typesupport_fastrtps_cpp;rosidl_typesupport_introspection_cpp
-- Found rmw_implementation_cmake: 6.1.1 (/opt/ros/humble/share/rmw_implementation_cmake/cmake)
-- Found rmw_cyclonedds_cpp: 1.3.4 (/opt/ros/humble/share/rmw_cyclonedds_cpp/cmake)
-- Using RMW implementation 'rmw_cyclonedds_cpp' as default
-- Found ament_lint_auto: 0.12.8 (/opt/ros/humble/share/ament_lint_auto/cmake)
-- Added test 'cppcheck' to perform static code analysis on C / C++ code
-- Configured cppcheck include dirs: 
-- Configured cppcheck exclude dirs and/or files: 
-- Added test 'lint_cmake' to check CMake code style
-- Added test 'uncrustify' to check C / C++ code style
-- Configured uncrustify additional arguments: 
-- Added test 'xmllint' to check XML markup files
-- Configuring done
-- Generating done
-- Build files have been written to: /home/hallzero/Code/ponderadas-m8/workspace_p1/build/my_robot_control
[ 50%] [32mBuilding CXX object CMakeFiles/listener_cpp.dir/src/listener_cpp.cpp.o[0m
[ 50%] [32mBuilding CXX object CMakeFiles/talker_cpp.dir/src/talker_cpp.cpp.o[0m
[ 75%] [32m[1mLinking CXX executable talker_cpp[0m
[ 75%] Built target talker_cpp
[100%] [32m[1mLinking CXX executable listener_cpp[0m
[100%] Built target listener_cpp
-- Install configuration: ""
-- Installing: /home/hallzero/Code/ponderadas-m8/workspace_p1/install/my_robot_control/lib/my_robot_control/talker_cpp
-- Set runtime path of "/home/hallzero/Code/ponderadas-m8/workspace_p1/install/my_robot_control/lib/my_robot_control/talker_cpp" to ""
-- Up-to-date: /home/hallzero/Code/ponderadas-m8/workspace_p1/install/my_robot_control/lib/my_robot_control/talker_cpp
-- Installing: /home/hallzero/Code/ponderadas-m8/workspace_p1/install/my_robot_control/lib/my_robot_control/listener_cpp
-- Set runtime path of "/home/hallzero/Code/ponderadas-m8/workspace_p1/install/my_robot_control/lib/my_robot_control/listener_cpp" to ""
-- Installing: /home/hallzero/Code/ponderadas-m8/workspace_p1/install/my_robot_control/share/ament_index/resource_index/package_run_dependencies/my_robot_control
-- Installing: /home/hallzero/Code/ponderadas-m8/workspace_p1/install/my_robot_control/share/ament_index/resource_index/parent_prefix_path/my_robot_control
-- Up-to-date: /home/hallzero/Code/ponderadas-m8/workspace_p1/install/my_robot_control/share/my_robot_control/environment/ament_prefix_path.sh
-- Installing: /home/hallzero/Code/ponderadas-m8/workspace_p1/install/my_robot_control/share/my_robot_control/environment/ament_prefix_path.dsv
-- Up-to-date: /home/hallzero/Code/ponderadas-m8/workspace_p1/install/my_robot_control/share/my_robot_control/environment/path.sh
-- Installing: /home/hallzero/Code/ponderadas-m8/workspace_p1/install/my_robot_control/share/my_robot_control/environment/path.dsv
-- Up-to-date: /home/hallzero/Code/ponderadas-m8/workspace_p1/install/my_robot_control/share/my_robot_control/local_setup.bash
-- Up-to-date: /home/hallzero/Code/ponderadas-m8/workspace_p1/install/my_robot_control/share/my_robot_control/local_setup.sh
-- Up-to-date: /home/hallzero/Code/ponderadas-m8/workspace_p1/install/my_robot_control/share/my_robot_control/local_setup.zsh
-- Installing: /home/hallzero/Code/ponderadas-m8/workspace_p1/install/my_robot_control/share/my_robot_control/local_setup.dsv
-- Installing: /home/hallzero/Code/ponderadas-m8/workspace_p1/install/my_robot_control/share/my_robot_control/package.dsv
-- Up-to-date: /home/hallzero/Code/ponderadas-m8/workspace_p1/install/my_robot_control/share/ament_index/resource_index/packages/my_robot_control
-- Up-to-date: /home/hallzero/Code/ponderadas-m8/workspace_p1/install/my_robot_control/share/my_robot_control/cmake/my_robot_controlConfig.cmake
-- Up-to-date: /home/hallzero/Code/ponderadas-m8/workspace_p1/install/my_robot_control/share/my_robot_control/cmake/my_robot_controlConfig-version.cmake
-- Installing: /home/hallzero/Code/ponderadas-m8/workspace_p1/install/my_robot_control/share/my_robot_control/package.xml
