[0.087s] Invoking command in '/home/hallzero/Code/ponderadas-m8/workspace_p1/build/my_robot_control': CMAKE_PREFIX_PATH=${CMAKE_PREFIX_PATH}:/opt/ros/humble /usr/bin/cmake --build /home/hallzero/Code/ponderadas-m8/workspace_p1/build/my_robot_control -- -j8 -l8
[0.110s] -- Found ament_cmake: 1.3.5 (/opt/ros/humble/share/ament_cmake/cmake)
[0.248s] -- Found rclcpp: 16.0.6 (/opt/ros/humble/share/rclcpp/cmake)
[0.276s] -- Found rosidl_generator_c: 3.1.5 (/opt/ros/humble/share/rosidl_generator_c/cmake)
[0.278s] -- Found rosidl_adapter: 3.1.5 (/opt/ros/humble/share/rosidl_adapter/cmake)
[0.284s] -- Found rosidl_generator_cpp: 3.1.5 (/opt/ros/humble/share/rosidl_generator_cpp/cmake)
[0.295s] -- Using all available rosidl_typesupport_c: rosidl_typesupport_fastrtps_c;rosidl_typesupport_introspection_c
[0.310s] -- Using all available rosidl_typesupport_cpp: rosidl_typesupport_fastrtps_cpp;rosidl_typesupport_introspection_cpp
[0.370s] -- Found rmw_implementation_cmake: 6.1.1 (/opt/ros/humble/share/rmw_implementation_cmake/cmake)
[0.371s] -- Found rmw_cyclonedds_cpp: 1.3.4 (/opt/ros/humble/share/rmw_cyclonedds_cpp/cmake)
[0.399s] -- Using RMW implementation 'rmw_cyclonedds_cpp' as default
[0.557s] -- Found ament_lint_auto: 0.12.8 (/opt/ros/humble/share/ament_lint_auto/cmake)
[0.621s] -- Added test 'cppcheck' to perform static code analysis on C / C++ code
[0.621s] -- Configured cppcheck include dirs: 
[0.621s] -- Configured cppcheck exclude dirs and/or files: 
[0.622s] -- Added test 'lint_cmake' to check CMake code style
[0.623s] -- Added test 'uncrustify' to check C / C++ code style
[0.623s] -- Configured uncrustify additional arguments: 
[0.624s] -- Added test 'xmllint' to check XML markup files
[0.625s] -- Configuring done
[0.646s] -- Generating done
[0.648s] -- Build files have been written to: /home/hallzero/Code/ponderadas-m8/workspace_p1/build/my_robot_control
[0.680s] [ 50%] [32mBuilding CXX object CMakeFiles/listener_cpp.dir/src/listener_cpp.cpp.o[0m
[0.681s] [ 50%] [32mBuilding CXX object CMakeFiles/talker_cpp.dir/src/talker_cpp.cpp.o[0m
[4.758s] [ 75%] [32m[1mLinking CXX executable talker_cpp[0m
[4.996s] [ 75%] Built target talker_cpp
[8.183s] [100%] [32m[1mLinking CXX executable listener_cpp[0m
[8.514s] [100%] Built target listener_cpp
[8.524s] Invoked command in '/home/hallzero/Code/ponderadas-m8/workspace_p1/build/my_robot_control' returned '0': CMAKE_PREFIX_PATH=${CMAKE_PREFIX_PATH}:/opt/ros/humble /usr/bin/cmake --build /home/hallzero/Code/ponderadas-m8/workspace_p1/build/my_robot_control -- -j8 -l8
[8.566s] Invoking command in '/home/hallzero/Code/ponderadas-m8/workspace_p1/build/my_robot_control': CMAKE_PREFIX_PATH=${CMAKE_PREFIX_PATH}:/opt/ros/humble /usr/bin/cmake --install /home/hallzero/Code/ponderadas-m8/workspace_p1/build/my_robot_control
[8.572s] -- Install configuration: ""
[8.572s] -- Installing: /home/hallzero/Code/ponderadas-m8/workspace_p1/install/my_robot_control/lib/my_robot_control/talker_cpp
[8.573s] -- Set runtime path of "/home/hallzero/Code/ponderadas-m8/workspace_p1/install/my_robot_control/lib/my_robot_control/talker_cpp" to ""
[8.573s] -- Up-to-date: /home/hallzero/Code/ponderadas-m8/workspace_p1/install/my_robot_control/lib/my_robot_control/talker_cpp
[8.574s] -- Installing: /home/hallzero/Code/ponderadas-m8/workspace_p1/install/my_robot_control/lib/my_robot_control/listener_cpp
[8.577s] -- Set runtime path of "/home/hallzero/Code/ponderadas-m8/workspace_p1/install/my_robot_control/lib/my_robot_control/listener_cpp" to ""
[8.577s] -- Installing: /home/hallzero/Code/ponderadas-m8/workspace_p1/install/my_robot_control/share/ament_index/resource_index/package_run_dependencies/my_robot_control
[8.577s] -- Installing: /home/hallzero/Code/ponderadas-m8/workspace_p1/install/my_robot_control/share/ament_index/resource_index/parent_prefix_path/my_robot_control
[8.578s] -- Up-to-date: /home/hallzero/Code/ponderadas-m8/workspace_p1/install/my_robot_control/share/my_robot_control/environment/ament_prefix_path.sh
[8.578s] -- Installing: /home/hallzero/Code/ponderadas-m8/workspace_p1/install/my_robot_control/share/my_robot_control/environment/ament_prefix_path.dsv
[8.578s] -- Up-to-date: /home/hallzero/Code/ponderadas-m8/workspace_p1/install/my_robot_control/share/my_robot_control/environment/path.sh
[8.578s] -- Installing: /home/hallzero/Code/ponderadas-m8/workspace_p1/install/my_robot_control/share/my_robot_control/environment/path.dsv
[8.578s] -- Up-to-date: /home/hallzero/Code/ponderadas-m8/workspace_p1/install/my_robot_control/share/my_robot_control/local_setup.bash
[8.578s] -- Up-to-date: /home/hallzero/Code/ponderadas-m8/workspace_p1/install/my_robot_control/share/my_robot_control/local_setup.sh
[8.578s] -- Up-to-date: /home/hallzero/Code/ponderadas-m8/workspace_p1/install/my_robot_control/share/my_robot_control/local_setup.zsh
[8.578s] -- Installing: /home/hallzero/Code/ponderadas-m8/workspace_p1/install/my_robot_control/share/my_robot_control/local_setup.dsv
[8.578s] -- Installing: /home/hallzero/Code/ponderadas-m8/workspace_p1/install/my_robot_control/share/my_robot_control/package.dsv
[8.578s] -- Up-to-date: /home/hallzero/Code/ponderadas-m8/workspace_p1/install/my_robot_control/share/ament_index/resource_index/packages/my_robot_control
[8.579s] -- Up-to-date: /home/hallzero/Code/ponderadas-m8/workspace_p1/install/my_robot_control/share/my_robot_control/cmake/my_robot_controlConfig.cmake
[8.579s] -- Up-to-date: /home/hallzero/Code/ponderadas-m8/workspace_p1/install/my_robot_control/share/my_robot_control/cmake/my_robot_controlConfig-version.cmake
[8.579s] -- Installing: /home/hallzero/Code/ponderadas-m8/workspace_p1/install/my_robot_control/share/my_robot_control/package.xml
[8.580s] Invoked command in '/home/hallzero/Code/ponderadas-m8/workspace_p1/build/my_robot_control' returned '0': CMAKE_PREFIX_PATH=${CMAKE_PREFIX_PATH}:/opt/ros/humble /usr/bin/cmake --install /home/hallzero/Code/ponderadas-m8/workspace_p1/build/my_robot_control
