[0.077s] Invoking command in '/home/hallzero/Code/ponderadas-m8/workspace_p1/build/my_robot_control': CMAKE_PREFIX_PATH=${CMAKE_PREFIX_PATH}:/opt/ros/humble /usr/bin/cmake /home/hallzero/Code/ponderadas-m8/workspace_p1/src/my_robot_control -DCMAKE_INSTALL_PREFIX=/home/hallzero/Code/ponderadas-m8/workspace_p1/install/my_robot_control
[0.263s] -- The C compiler identification is GNU 11.4.0
[0.459s] -- The CXX compiler identification is GNU 11.4.0
[0.473s] -- Detecting C compiler ABI info
[0.579s] -- Detecting C compiler ABI info - done
[0.588s] -- Check for working C compiler: /usr/bin/cc - skipped
[0.589s] -- Detecting C compile features
[0.589s] -- Detecting C compile features - done
[0.593s] -- Detecting CXX compiler ABI info
[0.678s] -- Detecting CXX compiler ABI info - done
[0.688s] -- Check for working CXX compiler: /usr/bin/c++ - skipped
[0.688s] -- Detecting CXX compile features
[0.688s] -- Detecting CXX compile features - done
[0.703s] -- Found ament_cmake: 1.3.5 (/opt/ros/humble/share/ament_cmake/cmake)
[0.907s] -- Found Python3: /usr/bin/python3.10 (found version "3.10.12") found components: Interpreter 
[1.022s] -- Found rclcpp: 16.0.6 (/opt/ros/humble/share/rclcpp/cmake)
[1.094s] -- Found rosidl_generator_c: 3.1.5 (/opt/ros/humble/share/rosidl_generator_c/cmake)
[1.104s] -- Found rosidl_adapter: 3.1.5 (/opt/ros/humble/share/rosidl_adapter/cmake)
[1.119s] -- Found rosidl_generator_cpp: 3.1.5 (/opt/ros/humble/share/rosidl_generator_cpp/cmake)
[1.144s] -- Using all available rosidl_typesupport_c: rosidl_typesupport_fastrtps_c;rosidl_typesupport_introspection_c
[1.175s] -- Using all available rosidl_typesupport_cpp: rosidl_typesupport_fastrtps_cpp;rosidl_typesupport_introspection_cpp
[1.273s] -- Found rmw_implementation_cmake: 6.1.1 (/opt/ros/humble/share/rmw_implementation_cmake/cmake)
[1.279s] -- Found rmw_cyclonedds_cpp: 1.3.4 (/opt/ros/humble/share/rmw_cyclonedds_cpp/cmake)
[1.367s] -- Using RMW implementation 'rmw_cyclonedds_cpp' as default
[1.383s] -- Looking for pthread.h
[1.468s] -- Looking for pthread.h - found
[1.468s] -- Performing Test CMAKE_HAVE_LIBC_PTHREAD
[1.543s] -- Performing Test CMAKE_HAVE_LIBC_PTHREAD - Success
[1.544s] -- Found Threads: TRUE  
[1.814s] -- Configuring done
[1.819s] -- Generating done
[1.820s] -- Build files have been written to: /home/hallzero/Code/ponderadas-m8/workspace_p1/build/my_robot_control
[1.827s] Invoked command in '/home/hallzero/Code/ponderadas-m8/workspace_p1/build/my_robot_control' returned '0': CMAKE_PREFIX_PATH=${CMAKE_PREFIX_PATH}:/opt/ros/humble /usr/bin/cmake /home/hallzero/Code/ponderadas-m8/workspace_p1/src/my_robot_control -DCMAKE_INSTALL_PREFIX=/home/hallzero/Code/ponderadas-m8/workspace_p1/install/my_robot_control
[1.829s] Invoking command in '/home/hallzero/Code/ponderadas-m8/workspace_p1/build/my_robot_control': CMAKE_PREFIX_PATH=${CMAKE_PREFIX_PATH}:/opt/ros/humble /usr/bin/cmake --build /home/hallzero/Code/ponderadas-m8/workspace_p1/build/my_robot_control -- -j8 -l8
[1.873s] Invoked command in '/home/hallzero/Code/ponderadas-m8/workspace_p1/build/my_robot_control' returned '0': CMAKE_PREFIX_PATH=${CMAKE_PREFIX_PATH}:/opt/ros/humble /usr/bin/cmake --build /home/hallzero/Code/ponderadas-m8/workspace_p1/build/my_robot_control -- -j8 -l8
[1.905s] Invoking command in '/home/hallzero/Code/ponderadas-m8/workspace_p1/build/my_robot_control': CMAKE_PREFIX_PATH=${CMAKE_PREFIX_PATH}:/opt/ros/humble /usr/bin/cmake --install /home/hallzero/Code/ponderadas-m8/workspace_p1/build/my_robot_control
[1.912s] -- Install configuration: ""
[1.912s] -- Installing: /home/hallzero/Code/ponderadas-m8/workspace_p1/install/my_robot_control/share/ament_index/resource_index/package_run_dependencies/my_robot_control
[1.912s] -- Installing: /home/hallzero/Code/ponderadas-m8/workspace_p1/install/my_robot_control/share/ament_index/resource_index/parent_prefix_path/my_robot_control
[1.912s] -- Installing: /home/hallzero/Code/ponderadas-m8/workspace_p1/install/my_robot_control/share/my_robot_control/environment/ament_prefix_path.sh
[1.913s] -- Installing: /home/hallzero/Code/ponderadas-m8/workspace_p1/install/my_robot_control/share/my_robot_control/environment/ament_prefix_path.dsv
[1.913s] -- Installing: /home/hallzero/Code/ponderadas-m8/workspace_p1/install/my_robot_control/share/my_robot_control/environment/path.sh
[1.913s] -- Installing: /home/hallzero/Code/ponderadas-m8/workspace_p1/install/my_robot_control/share/my_robot_control/environment/path.dsv
[1.913s] -- Installing: /home/hallzero/Code/ponderadas-m8/workspace_p1/install/my_robot_control/share/my_robot_control/local_setup.bash
[1.913s] -- Installing: /home/hallzero/Code/ponderadas-m8/workspace_p1/install/my_robot_control/share/my_robot_control/local_setup.sh
[1.913s] -- Installing: /home/hallzero/Code/ponderadas-m8/workspace_p1/install/my_robot_control/share/my_robot_control/local_setup.zsh
[1.914s] -- Installing: /home/hallzero/Code/ponderadas-m8/workspace_p1/install/my_robot_control/share/my_robot_control/local_setup.dsv
[1.914s] -- Installing: /home/hallzero/Code/ponderadas-m8/workspace_p1/install/my_robot_control/share/my_robot_control/package.dsv
[1.914s] -- Installing: /home/hallzero/Code/ponderadas-m8/workspace_p1/install/my_robot_control/share/ament_index/resource_index/packages/my_robot_control
[1.914s] -- Installing: /home/hallzero/Code/ponderadas-m8/workspace_p1/install/my_robot_control/share/my_robot_control/cmake/my_robot_controlConfig.cmake
[1.914s] -- Installing: /home/hallzero/Code/ponderadas-m8/workspace_p1/install/my_robot_control/share/my_robot_control/cmake/my_robot_controlConfig-version.cmake
[1.914s] -- Installing: /home/hallzero/Code/ponderadas-m8/workspace_p1/install/my_robot_control/share/my_robot_control/package.xml
[1.917s] Invoked command in '/home/hallzero/Code/ponderadas-m8/workspace_p1/build/my_robot_control' returned '0': CMAKE_PREFIX_PATH=${CMAKE_PREFIX_PATH}:/opt/ros/humble /usr/bin/cmake --install /home/hallzero/Code/ponderadas-m8/workspace_p1/build/my_robot_control
