[0.093s] Invoking command in '/home/hallzero/Code/ponderadas-m8/workspace_p1/build/my_robot_control': CMAKE_PREFIX_PATH=${CMAKE_PREFIX_PATH}:/opt/ros/humble /usr/bin/cmake --build /home/hallzero/Code/ponderadas-m8/workspace_p1/build/my_robot_control -- -j8 -l8
[0.134s] -- Found ament_cmake: 1.3.5 (/opt/ros/humble/share/ament_cmake/cmake)
[0.285s] -- Found rclcpp: 16.0.6 (/opt/ros/humble/share/rclcpp/cmake)
[0.334s] -- Found rosidl_generator_c: 3.1.5 (/opt/ros/humble/share/rosidl_generator_c/cmake)
[0.338s] -- Found rosidl_adapter: 3.1.5 (/opt/ros/humble/share/rosidl_adapter/cmake)
[0.348s] -- Found rosidl_generator_cpp: 3.1.5 (/opt/ros/humble/share/rosidl_generator_cpp/cmake)
[0.364s] -- Using all available rosidl_typesupport_c: rosidl_typesupport_fastrtps_c;rosidl_typesupport_introspection_c
[0.383s] -- Using all available rosidl_typesupport_cpp: rosidl_typesupport_fastrtps_cpp;rosidl_typesupport_introspection_cpp
[0.459s] -- Found rmw_implementation_cmake: 6.1.1 (/opt/ros/humble/share/rmw_implementation_cmake/cmake)
[0.462s] -- Found rmw_cyclonedds_cpp: 1.3.4 (/opt/ros/humble/share/rmw_cyclonedds_cpp/cmake)
[0.502s] -- Using RMW implementation 'rmw_cyclonedds_cpp' as default
[0.693s] [31mCMake Error at CMakeLists.txt:23 (install):
[0.693s]   install TARGETS given target "talker" which does not exist.
[0.693s] 
[0.693s] [0m
[0.696s] -- Found ament_lint_auto: 0.12.8 (/opt/ros/humble/share/ament_lint_auto/cmake)
[0.783s] -- Added test 'cppcheck' to perform static code analysis on C / C++ code
[0.783s] -- Configured cppcheck include dirs: 
[0.783s] -- Configured cppcheck exclude dirs and/or files: 
[0.784s] -- Added test 'lint_cmake' to check CMake code style
[0.786s] -- Added test 'uncrustify' to check C / C++ code style
[0.786s] -- Configured uncrustify additional arguments: 
[0.786s] -- Added test 'xmllint' to check XML markup files
[0.789s] -- Configuring incomplete, errors occurred!
[0.789s] See also "/home/hallzero/Code/ponderadas-m8/workspace_p1/build/my_robot_control/CMakeFiles/CMakeOutput.log".
[0.794s] gmake: *** [Makefile:226: cmake_check_build_system] Error 1
[0.796s] Invoked command in '/home/hallzero/Code/ponderadas-m8/workspace_p1/build/my_robot_control' returned '2': CMAKE_PREFIX_PATH=${CMAKE_PREFIX_PATH}:/opt/ros/humble /usr/bin/cmake --build /home/hallzero/Code/ponderadas-m8/workspace_p1/build/my_robot_control -- -j8 -l8
